This is pdfTeX, Version 3.14159265-2.6-1.40.17 (TeX Live 2016) (preloaded format=pdflatex 2017.2.8)  24 MAR 2018 22:53
entering extended mode
 restricted \write18 enabled.
 %&-line parsing enabled.
**/Users/karimimohammedbelhal/Documents/GitHub/saem/incremental/Writeup/Poster_
DS3/poster_ISAEM.tex

(/Users/karimimohammedbelhal/Documents/GitHub/saem/incremental/Writeup/Poster_D
S3/poster_ISAEM.tex
LaTeX2e <2016/03/31>
Babel <3.9r> and hyphenation patterns for 22 language(s) loaded.

! LaTeX Error: File `a0poster.cls' not found.

Type X to quit or <RETURN> to proceed,
or enter new name. (Default extension: cls)

Enter file name: 
! Emergency stop.
<read *> 
         
l.23 \usepackage
                [utf8]{inputenc}^^M
*** (cannot \read from terminal in nonstop modes)

 
Here is how much of TeX's memory you used:
 12 strings out of 494447
 542 string characters out of 6166767
 47243 words of memory out of 5000000
 3444 multiletter control sequences out of 15000+600000
 3640 words of font info for 14 fonts, out of 8000000 for 9000
 319 hyphenation exceptions out of 8191
 10i,0n,7p,189b,8s stack positions out of 5000i,500n,10000p,200000b,80000s
!  ==> Fatal error occurred, no output PDF file produced!
